<?xml version="1.0" encoding="UTF-8"?>
<!-- Generated by org.testng.reporters.JUnitXMLReporter -->
<testsuite ignored="24" hostname="IN-C335VQ3" failures="1" tests="1" name="Default test" time="36.233" errors="0" timestamp="2024-11-21T16:11:02 IST">
  <testcase classname="vivaglint.ESR" name="Tc_26" time="8.085">
    <failure type="java.lang.AssertionError" message="expected [false] but found [Questions]">
      <![CDATA[java.lang.AssertionError: expected [false] but found [Questions]
at org.testng.Assert.fail(Assert.java:99)
at org.testng.Assert.failNotEquals(Assert.java:1037)
at org.testng.Assert.assertEqualsImpl(Assert.java:140)
at org.testng.Assert.assertEquals(Assert.java:122)
at org.testng.Assert.assertEquals(Assert.java:617)
at glint.Executivesummaryreport.Removesection(Executivesummaryreport.java:435)
at vivaglint.ESR.Tc_26(ESR.java:179)
at java.base/jdk.internal.reflect.NativeMethodAccessorImpl.invoke0(Native Method)
at java.base/jdk.internal.reflect.NativeMethodAccessorImpl.invoke(NativeMethodAccessorImpl.java:77)
at java.base/jdk.internal.reflect.DelegatingMethodAccessorImpl.invoke(DelegatingMethodAccessorImpl.java:43)
at java.base/java.lang.reflect.Method.invoke(Method.java:568)
at org.testng.internal.MethodInvocationHelper.invokeMethod(MethodInvocationHelper.java:133)
at org.testng.internal.TestInvoker.invokeMethod(TestInvoker.java:598)
at org.testng.internal.TestInvoker.invokeTestMethod(TestInvoker.java:173)
at org.testng.internal.MethodRunner.runInSequence(MethodRunner.java:46)
at org.testng.internal.TestInvoker$MethodInvocationAgent.invoke(TestInvoker.java:824)
at org.testng.internal.TestInvoker.invokeTestMethods(TestInvoker.java:146)
at org.testng.internal.TestMethodWorker.invokeTestMethods(TestMethodWorker.java:146)
at org.testng.internal.TestMethodWorker.run(TestMethodWorker.java:128)
at java.base/java.util.ArrayList.forEach(ArrayList.java:1511)
at org.testng.TestRunner.privateRun(TestRunner.java:794)
at org.testng.TestRunner.run(TestRunner.java:596)
at org.testng.SuiteRunner.runTest(SuiteRunner.java:377)
at org.testng.SuiteRunner.runSequentially(SuiteRunner.java:371)
at org.testng.SuiteRunner.privateRun(SuiteRunner.java:332)
at org.testng.SuiteRunner.run(SuiteRunner.java:276)
at org.testng.SuiteRunnerWorker.runSuite(SuiteRunnerWorker.java:53)
at org.testng.SuiteRunnerWorker.run(SuiteRunnerWorker.java:96)
at org.testng.TestNG.runSuitesSequentially(TestNG.java:1212)
at org.testng.TestNG.runSuitesLocally(TestNG.java:1134)
at org.testng.TestNG.runSuites(TestNG.java:1063)
at org.testng.TestNG.run(TestNG.java:1031)
at org.testng.remote.AbstractRemoteTestNG.run(AbstractRemoteTestNG.java:115)
at org.testng.remote.RemoteTestNG.initAndRun(RemoteTestNG.java:251)
at org.testng.remote.RemoteTestNG.main(RemoteTestNG.java:77)
]]>
    </failure>
  </testcase> <!-- Tc_26 -->
  <testcase classname="vivaglint.ESR" name="Tc_10" time="0.0">
    <ignored/>
  </testcase> <!-- Tc_10 -->
  <testcase classname="vivaglint.ESR" name="Tc_21" time="0.0">
    <ignored/>
  </testcase> <!-- Tc_21 -->
  <testcase classname="vivaglint.ESR" name="Tc_13" time="0.0">
    <ignored/>
  </testcase> <!-- Tc_13 -->
  <testcase classname="vivaglint.ESR" name="Tc_02" time="0.0">
    <ignored/>
  </testcase> <!-- Tc_02 -->
  <testcase classname="vivaglint.ESR" name="Tc_24" time="0.0">
    <ignored/>
  </testcase> <!-- Tc_24 -->
  <testcase classname="vivaglint.ESR" name="Tc_20" time="0.0">
    <ignored/>
  </testcase> <!-- Tc_20 -->
  <testcase classname="vivaglint.ESR" name="Tc_19" time="0.0">
    <ignored/>
  </testcase> <!-- Tc_19 -->
  <testcase classname="vivaglint.ESR" name="Tc_08" time="0.0">
    <ignored/>
  </testcase> <!-- Tc_08 -->
  <testcase classname="vivaglint.ESR" name="Tc_09" time="0.0">
    <ignored/>
  </testcase> <!-- Tc_09 -->
  <testcase classname="vivaglint.ESR" name="Tc_15" time="0.0">
    <ignored/>
  </testcase> <!-- Tc_15 -->
  <testcase classname="vivaglint.ESR" name="Tc_04" time="0.0">
    <ignored/>
  </testcase> <!-- Tc_04 -->
  <testcase classname="vivaglint.ESR" name="Tc_18" time="0.0">
    <ignored/>
  </testcase> <!-- Tc_18 -->
  <testcase classname="vivaglint.ESR" name="Tc_07" time="0.0">
    <ignored/>
  </testcase> <!-- Tc_07 -->
  <testcase classname="vivaglint.ESR" name="Tc_16" time="0.0">
    <ignored/>
  </testcase> <!-- Tc_16 -->
  <testcase classname="vivaglint.ESR" name="Tc_05" time="0.0">
    <ignored/>
  </testcase> <!-- Tc_05 -->
  <testcase classname="vivaglint.ESR" name="Tc_11" time="0.0">
    <ignored/>
  </testcase> <!-- Tc_11 -->
  <testcase classname="vivaglint.ESR" name="Tc_22" time="0.0">
    <ignored/>
  </testcase> <!-- Tc_22 -->
  <testcase classname="vivaglint.ESR" name="Tc_14" time="0.0">
    <ignored/>
  </testcase> <!-- Tc_14 -->
  <testcase classname="vivaglint.ESR" name="Tc_03" time="0.0">
    <ignored/>
  </testcase> <!-- Tc_03 -->
  <testcase classname="vivaglint.ESR" name="Tc_25" time="0.0">
    <ignored/>
  </testcase> <!-- Tc_25 -->
  <testcase classname="vivaglint.ESR" name="Tc_17" time="0.0">
    <ignored/>
  </testcase> <!-- Tc_17 -->
  <testcase classname="vivaglint.ESR" name="Tc_06" time="0.0">
    <ignored/>
  </testcase> <!-- Tc_06 -->
  <testcase classname="vivaglint.ESR" name="Tc_01" time="0.0">
    <ignored/>
  </testcase> <!-- Tc_01 -->
  <testcase classname="vivaglint.ESR" name="Tc_23" time="0.0">
    <ignored/>
  </testcase> <!-- Tc_23 -->
</testsuite> <!-- Default test -->
