<?xml version="1.0" encoding="UTF-8"?>
<!-- Generated by org.testng.reporters.JUnitXMLReporter -->
<testsuite ignored="29" hostname="IN-C335VQ3" failures="0" tests="1" name="Default test" time="33.358" errors="0" timestamp="2024-11-28T18:17:00 IST">
  <testcase classname="vivaglint.ESR" name="Tc_26" time="9.636"/>
  <testcase classname="vivaglint.ESR" name="Tc_10" time="0.0">
    <ignored/>
  </testcase> <!-- Tc_10 -->
  <testcase classname="vivaglint.ESR" name="Tc_13" time="0.0">
    <ignored/>
  </testcase> <!-- Tc_13 -->
  <testcase classname="vivaglint.ESR" name="Tc_30" time="0.0">
    <ignored/>
  </testcase> <!-- Tc_30 -->
  <testcase classname="vivaglint.ESR" name="Tc_19" time="0.0">
    <ignored/>
  </testcase> <!-- Tc_19 -->
  <testcase classname="vivaglint.ESR" name="Tc_15" time="0.0">
    <ignored/>
  </testcase> <!-- Tc_15 -->
  <testcase classname="vivaglint.ESR" name="Tc_18" time="0.0">
    <ignored/>
  </testcase> <!-- Tc_18 -->
  <testcase classname="vivaglint.ESR" name="Tc_16" time="0.0">
    <ignored/>
  </testcase> <!-- Tc_16 -->
  <testcase classname="vivaglint.ESR" name="Tc_11" time="0.0">
    <ignored/>
  </testcase> <!-- Tc_11 -->
  <testcase classname="vivaglint.ESR" name="Tc_14" time="0.0">
    <ignored/>
  </testcase> <!-- Tc_14 -->
  <testcase classname="vivaglint.ESR" name="Tc_17" time="0.0">
    <ignored/>
  </testcase> <!-- Tc_17 -->
  <testcase classname="vivaglint.ESR" name="Tc_12" time="0.0">
    <ignored/>
  </testcase> <!-- Tc_12 -->
  <testcase classname="vivaglint.ESR" name="Tc_21" time="0.0">
    <ignored/>
  </testcase> <!-- Tc_21 -->
  <testcase classname="vivaglint.ESR" name="Tc_02" time="0.0">
    <ignored/>
  </testcase> <!-- Tc_02 -->
  <testcase classname="vivaglint.ESR" name="Tc_24" time="0.0">
    <ignored/>
  </testcase> <!-- Tc_24 -->
  <testcase classname="vivaglint.ESR" name="Tc_20" time="0.0">
    <ignored/>
  </testcase> <!-- Tc_20 -->
  <testcase classname="vivaglint.ESR" name="Tc_08" time="0.0">
    <ignored/>
  </testcase> <!-- Tc_08 -->
  <testcase classname="vivaglint.ESR" name="Tc_09" time="0.0">
    <ignored/>
  </testcase> <!-- Tc_09 -->
  <testcase classname="vivaglint.ESR" name="Tc_04" time="0.0">
    <ignored/>
  </testcase> <!-- Tc_04 -->
  <testcase classname="vivaglint.ESR" name="Tc_07" time="0.0">
    <ignored/>
  </testcase> <!-- Tc_07 -->
  <testcase classname="vivaglint.ESR" name="Tc_29" time="0.0">
    <ignored/>
  </testcase> <!-- Tc_29 -->
  <testcase classname="vivaglint.ESR" name="Tc_05" time="0.0">
    <ignored/>
  </testcase> <!-- Tc_05 -->
  <testcase classname="vivaglint.ESR" name="Tc_27" time="0.0">
    <ignored/>
  </testcase> <!-- Tc_27 -->
  <testcase classname="vivaglint.ESR" name="Tc_22" time="0.0">
    <ignored/>
  </testcase> <!-- Tc_22 -->
  <testcase classname="vivaglint.ESR" name="Tc_03" time="0.0">
    <ignored/>
  </testcase> <!-- Tc_03 -->
  <testcase classname="vivaglint.ESR" name="Tc_25" time="0.0">
    <ignored/>
  </testcase> <!-- Tc_25 -->
  <testcase classname="vivaglint.ESR" name="Tc_06" time="0.0">
    <ignored/>
  </testcase> <!-- Tc_06 -->
  <testcase classname="vivaglint.ESR" name="Tc_28" time="0.0">
    <ignored/>
  </testcase> <!-- Tc_28 -->
  <testcase classname="vivaglint.ESR" name="Tc_01" time="0.0">
    <ignored/>
  </testcase> <!-- Tc_01 -->
  <testcase classname="vivaglint.ESR" name="Tc_23" time="0.0">
    <ignored/>
  </testcase> <!-- Tc_23 -->
</testsuite> <!-- Default test -->
