<?xml version="1.0" encoding="UTF-8"?>
<!-- Generated by org.testng.reporters.JUnitXMLReporter -->
<testsuite ignored="0" hostname="IN-C335VQ3" failures="6" tests="13" name="Test" time="242.754" errors="0" timestamp="2024-11-16T07:56:26 IST">
  <testcase classname="vivaglint.ESR" name="Tc_01" time="0.866"/>
  <testcase classname="vivaglint.ESR" name="Tc_02" time="30.088"/>
  <testcase classname="vivaglint.ESR" name="Tc_03" time="21.337"/>
  <testcase classname="vivaglint.ESR" name="Tc_04" time="23.657"/>
  <testcase classname="vivaglint.ESR" name="Tc_05" time="21.404">
    <failure type="java.lang.IllegalArgumentException" message="Cannot find elements when the XPath is null.">
      <![CDATA[java.lang.IllegalArgumentException: Cannot find elements when the XPath is null.
at org.openqa.selenium.internal.Require$ArgumentChecker.nonNull(Require.java:207)
at org.openqa.selenium.By$ByXPath.<init>(By.java:286)
at org.openqa.selenium.By.xpath(By.java:89)
at glint.Executivesummaryreport.ExportList(Executivesummaryreport.java:80)
at vivaglint.ESR.Tc_05(ESR.java:51)
at java.base/java.util.ArrayList.forEach(ArrayList.java:1511)
... Removed 27 stack frames]]>
    </failure>
  </testcase> <!-- Tc_05 -->
  <testcase classname="vivaglint.ESR" name="Tc_06" time="25.77"/>
  <testcase classname="vivaglint.ESR" name="Tc_07" time="23.053"/>
  <testcase classname="vivaglint.ESR" name="Tc_08" time="23.003"/>
  <testcase classname="vivaglint.ESR" name="Tc_09" time="1.274">
    <failure type="org.openqa.selenium.ElementClickInterceptedException" message="element click intercepted: Element &amp;lt;button _ngcontent-ng-c2879768420=&amp;quot;&amp;quot; translate=&amp;quot;&amp;quot; class=&amp;quot;addFilterButtonPanel ng-star-inserted&amp;quot; aria-describedby=&amp;quot;cdk-describedby-message-ng-1-111&amp;quot; cdk-describedby-host=&amp;quot;ng-1&amp;quot;&amp;gt;...&amp;lt;/button&amp;gt; is not clickable at point (686, 108). Other element would receive the click: &amp;lt;div _ngcontent-ng-c2684279279=&amp;quot;&amp;quot; tabindex=&amp;quot;-1&amp;quot; data-id=&amp;quot;dialogOverlay_reportExportCsvDialog&amp;quot; class=&amp;quot;glint-overlay visible&amp;quot;&amp;gt;...&amp;lt;/div&amp;gt;
  (Session info: chrome=130.0.6723.117)
Build info: version: &amp;apos;4.15.0&amp;apos;, revision: &amp;apos;1d14b5521b&amp;apos;
System info: os.name: &amp;apos;Windows 10&amp;apos;, os.arch: &amp;apos;amd64&amp;apos;, os.version: &amp;apos;10.0&amp;apos;, java.version: &amp;apos;17.0.4.1&amp;apos;
Driver info: org.openqa.selenium.chrome.ChromeDriver
Command: [7bb1ac83b56cec2a8511adbf8c7ad0c6, clickElement {id=f.60544D1E4A13FB2644EFB29735FF3B7B.d.D6B8AF94247DC25C0F851EDD63079A80.e.616}]
Capabilities {acceptInsecureCerts: false, browserName: chrome, browserVersion: 130.0.6723.117, chrome: {chromedriverVersion: 130.0.6723.116 (6ac35f94ae3..., userDataDir: C:\Users\dbegum01\AppData\L...}, fedcm:accounts: true, goog:chromeOptions: {debuggerAddress: localhost:56590}, networkConnectionEnabled: false, pageLoadStrategy: normal, platformName: windows, proxy: Proxy(), se:cdp: ws://localhost:56590/devtoo..., se:cdpVersion: 130.0.6723.117, setWindowRect: true, strictFileInteractability: false, timeouts: {implicit: 0, pageLoad: 300000, script: 30000}, unhandledPromptBehavior: dismiss and notify, webauthn:extension:credBlob: true, webauthn:extension:largeBlob: true, webauthn:extension:minPinLength: true, webauthn:extension:prf: true, webauthn:virtualAuthenticators: true}
Element: [[ChromeDriver: chrome on windows (7bb1ac83b56cec2a8511adbf8c7ad0c6)] -&amp;gt; xpath: //button[@class=&amp;apos;addFilterButtonPanel ng-star-inserted&amp;apos;]]
Session ID: 7bb1ac83b56cec2a8511adbf8c7ad0c6">
      <![CDATA[org.openqa.selenium.ElementClickInterceptedException: element click intercepted: Element <button _ngcontent-ng-c2879768420="" translate="" class="addFilterButtonPanel ng-star-inserted" aria-describedby="cdk-describedby-message-ng-1-111" cdk-describedby-host="ng-1">...</button> is not clickable at point (686, 108). Other element would receive the click: <div _ngcontent-ng-c2684279279="" tabindex="-1" data-id="dialogOverlay_reportExportCsvDialog" class="glint-overlay visible">...</div>
  (Session info: chrome=130.0.6723.117)
Build info: version: '4.15.0', revision: '1d14b5521b'
System info: os.name: 'Windows 10', os.arch: 'amd64', os.version: '10.0', java.version: '17.0.4.1'
Driver info: org.openqa.selenium.chrome.ChromeDriver
Command: [7bb1ac83b56cec2a8511adbf8c7ad0c6, clickElement {id=f.60544D1E4A13FB2644EFB29735FF3B7B.d.D6B8AF94247DC25C0F851EDD63079A80.e.616}]
Capabilities {acceptInsecureCerts: false, browserName: chrome, browserVersion: 130.0.6723.117, chrome: {chromedriverVersion: 130.0.6723.116 (6ac35f94ae3..., userDataDir: C:\Users\dbegum01\AppData\L...}, fedcm:accounts: true, goog:chromeOptions: {debuggerAddress: localhost:56590}, networkConnectionEnabled: false, pageLoadStrategy: normal, platformName: windows, proxy: Proxy(), se:cdp: ws://localhost:56590/devtoo..., se:cdpVersion: 130.0.6723.117, setWindowRect: true, strictFileInteractability: false, timeouts: {implicit: 0, pageLoad: 300000, script: 30000}, unhandledPromptBehavior: dismiss and notify, webauthn:extension:credBlob: true, webauthn:extension:largeBlob: true, webauthn:extension:minPinLength: true, webauthn:extension:prf: true, webauthn:virtualAuthenticators: true}
Element: [[ChromeDriver: chrome on windows (7bb1ac83b56cec2a8511adbf8c7ad0c6)] -> xpath: //button[@class='addFilterButtonPanel ng-star-inserted']]
Session ID: 7bb1ac83b56cec2a8511adbf8c7ad0c6
at org.openqa.selenium.remote.codec.w3c.W3CHttpResponseCodec.createException(W3CHttpResponseCodec.java:200)
at org.openqa.selenium.remote.codec.w3c.W3CHttpResponseCodec.decode(W3CHttpResponseCodec.java:133)
at org.openqa.selenium.remote.codec.w3c.W3CHttpResponseCodec.decode(W3CHttpResponseCodec.java:52)
at org.openqa.selenium.remote.HttpCommandExecutor.execute(HttpCommandExecutor.java:191)
at org.openqa.selenium.remote.service.DriverCommandExecutor.invokeExecute(DriverCommandExecutor.java:200)
at org.openqa.selenium.remote.service.DriverCommandExecutor.execute(DriverCommandExecutor.java:175)
at org.openqa.selenium.remote.RemoteWebDriver.execute(RemoteWebDriver.java:607)
at org.openqa.selenium.remote.RemoteWebElement.execute(RemoteWebElement.java:224)
at org.openqa.selenium.remote.RemoteWebElement.click(RemoteWebElement.java:77)
at glint.Executivesummaryreport.changesurvey(Executivesummaryreport.java:32)
at glint.Executivesummaryreport.Exportcsv(Executivesummaryreport.java:183)
at vivaglint.ESR.Tc_09(ESR.java:74)
at java.base/java.util.ArrayList.forEach(ArrayList.java:1511)
... Removed 32 stack frames]]>
    </failure>
  </testcase> <!-- Tc_09 -->
  <testcase classname="vivaglint.ESR" name="Tc_10" time="1.235">
    <failure type="org.openqa.selenium.ElementClickInterceptedException" message="element click intercepted: Element &amp;lt;button _ngcontent-ng-c2879768420=&amp;quot;&amp;quot; translate=&amp;quot;&amp;quot; class=&amp;quot;addFilterButtonPanel ng-star-inserted&amp;quot; aria-describedby=&amp;quot;cdk-describedby-message-ng-1-111&amp;quot; cdk-describedby-host=&amp;quot;ng-1&amp;quot;&amp;gt;...&amp;lt;/button&amp;gt; is not clickable at point (686, 108). Other element would receive the click: &amp;lt;div _ngcontent-ng-c2684279279=&amp;quot;&amp;quot; tabindex=&amp;quot;-1&amp;quot; data-id=&amp;quot;dialogOverlay_reportExportCsvDialog&amp;quot; class=&amp;quot;glint-overlay visible&amp;quot;&amp;gt;...&amp;lt;/div&amp;gt;
  (Session info: chrome=130.0.6723.117)
Build info: version: &amp;apos;4.15.0&amp;apos;, revision: &amp;apos;1d14b5521b&amp;apos;
System info: os.name: &amp;apos;Windows 10&amp;apos;, os.arch: &amp;apos;amd64&amp;apos;, os.version: &amp;apos;10.0&amp;apos;, java.version: &amp;apos;17.0.4.1&amp;apos;
Driver info: org.openqa.selenium.chrome.ChromeDriver
Command: [7bb1ac83b56cec2a8511adbf8c7ad0c6, clickElement {id=f.60544D1E4A13FB2644EFB29735FF3B7B.d.D6B8AF94247DC25C0F851EDD63079A80.e.616}]
Capabilities {acceptInsecureCerts: false, browserName: chrome, browserVersion: 130.0.6723.117, chrome: {chromedriverVersion: 130.0.6723.116 (6ac35f94ae3..., userDataDir: C:\Users\dbegum01\AppData\L...}, fedcm:accounts: true, goog:chromeOptions: {debuggerAddress: localhost:56590}, networkConnectionEnabled: false, pageLoadStrategy: normal, platformName: windows, proxy: Proxy(), se:cdp: ws://localhost:56590/devtoo..., se:cdpVersion: 130.0.6723.117, setWindowRect: true, strictFileInteractability: false, timeouts: {implicit: 0, pageLoad: 300000, script: 30000}, unhandledPromptBehavior: dismiss and notify, webauthn:extension:credBlob: true, webauthn:extension:largeBlob: true, webauthn:extension:minPinLength: true, webauthn:extension:prf: true, webauthn:virtualAuthenticators: true}
Element: [[ChromeDriver: chrome on windows (7bb1ac83b56cec2a8511adbf8c7ad0c6)] -&amp;gt; xpath: //button[@class=&amp;apos;addFilterButtonPanel ng-star-inserted&amp;apos;]]
Session ID: 7bb1ac83b56cec2a8511adbf8c7ad0c6">
      <![CDATA[org.openqa.selenium.ElementClickInterceptedException: element click intercepted: Element <button _ngcontent-ng-c2879768420="" translate="" class="addFilterButtonPanel ng-star-inserted" aria-describedby="cdk-describedby-message-ng-1-111" cdk-describedby-host="ng-1">...</button> is not clickable at point (686, 108). Other element would receive the click: <div _ngcontent-ng-c2684279279="" tabindex="-1" data-id="dialogOverlay_reportExportCsvDialog" class="glint-overlay visible">...</div>
  (Session info: chrome=130.0.6723.117)
Build info: version: '4.15.0', revision: '1d14b5521b'
System info: os.name: 'Windows 10', os.arch: 'amd64', os.version: '10.0', java.version: '17.0.4.1'
Driver info: org.openqa.selenium.chrome.ChromeDriver
Command: [7bb1ac83b56cec2a8511adbf8c7ad0c6, clickElement {id=f.60544D1E4A13FB2644EFB29735FF3B7B.d.D6B8AF94247DC25C0F851EDD63079A80.e.616}]
Capabilities {acceptInsecureCerts: false, browserName: chrome, browserVersion: 130.0.6723.117, chrome: {chromedriverVersion: 130.0.6723.116 (6ac35f94ae3..., userDataDir: C:\Users\dbegum01\AppData\L...}, fedcm:accounts: true, goog:chromeOptions: {debuggerAddress: localhost:56590}, networkConnectionEnabled: false, pageLoadStrategy: normal, platformName: windows, proxy: Proxy(), se:cdp: ws://localhost:56590/devtoo..., se:cdpVersion: 130.0.6723.117, setWindowRect: true, strictFileInteractability: false, timeouts: {implicit: 0, pageLoad: 300000, script: 30000}, unhandledPromptBehavior: dismiss and notify, webauthn:extension:credBlob: true, webauthn:extension:largeBlob: true, webauthn:extension:minPinLength: true, webauthn:extension:prf: true, webauthn:virtualAuthenticators: true}
Element: [[ChromeDriver: chrome on windows (7bb1ac83b56cec2a8511adbf8c7ad0c6)] -> xpath: //button[@class='addFilterButtonPanel ng-star-inserted']]
Session ID: 7bb1ac83b56cec2a8511adbf8c7ad0c6
at org.openqa.selenium.remote.codec.w3c.W3CHttpResponseCodec.createException(W3CHttpResponseCodec.java:200)
at org.openqa.selenium.remote.codec.w3c.W3CHttpResponseCodec.decode(W3CHttpResponseCodec.java:133)
at org.openqa.selenium.remote.codec.w3c.W3CHttpResponseCodec.decode(W3CHttpResponseCodec.java:52)
at org.openqa.selenium.remote.HttpCommandExecutor.execute(HttpCommandExecutor.java:191)
at org.openqa.selenium.remote.service.DriverCommandExecutor.invokeExecute(DriverCommandExecutor.java:200)
at org.openqa.selenium.remote.service.DriverCommandExecutor.execute(DriverCommandExecutor.java:175)
at org.openqa.selenium.remote.RemoteWebDriver.execute(RemoteWebDriver.java:607)
at org.openqa.selenium.remote.RemoteWebElement.execute(RemoteWebElement.java:224)
at org.openqa.selenium.remote.RemoteWebElement.click(RemoteWebElement.java:77)
at glint.Executivesummaryreport.changesurvey(Executivesummaryreport.java:32)
at glint.Executivesummaryreport.Exportppt(Executivesummaryreport.java:89)
at vivaglint.ESR.Tc_10(ESR.java:80)
at java.base/java.util.ArrayList.forEach(ArrayList.java:1511)
... Removed 32 stack frames]]>
    </failure>
  </testcase> <!-- Tc_10 -->
  <testcase classname="vivaglint.ESR" name="Tc_11" time="1.151">
    <failure type="org.openqa.selenium.ElementClickInterceptedException" message="element click intercepted: Element &amp;lt;button _ngcontent-ng-c2879768420=&amp;quot;&amp;quot; translate=&amp;quot;&amp;quot; class=&amp;quot;addFilterButtonPanel ng-star-inserted&amp;quot; aria-describedby=&amp;quot;cdk-describedby-message-ng-1-111&amp;quot; cdk-describedby-host=&amp;quot;ng-1&amp;quot;&amp;gt;...&amp;lt;/button&amp;gt; is not clickable at point (686, 108). Other element would receive the click: &amp;lt;div _ngcontent-ng-c2684279279=&amp;quot;&amp;quot; tabindex=&amp;quot;-1&amp;quot; data-id=&amp;quot;dialogOverlay_reportExportCsvDialog&amp;quot; class=&amp;quot;glint-overlay visible&amp;quot;&amp;gt;...&amp;lt;/div&amp;gt;
  (Session info: chrome=130.0.6723.117)
Build info: version: &amp;apos;4.15.0&amp;apos;, revision: &amp;apos;1d14b5521b&amp;apos;
System info: os.name: &amp;apos;Windows 10&amp;apos;, os.arch: &amp;apos;amd64&amp;apos;, os.version: &amp;apos;10.0&amp;apos;, java.version: &amp;apos;17.0.4.1&amp;apos;
Driver info: org.openqa.selenium.chrome.ChromeDriver
Command: [7bb1ac83b56cec2a8511adbf8c7ad0c6, clickElement {id=f.60544D1E4A13FB2644EFB29735FF3B7B.d.D6B8AF94247DC25C0F851EDD63079A80.e.616}]
Capabilities {acceptInsecureCerts: false, browserName: chrome, browserVersion: 130.0.6723.117, chrome: {chromedriverVersion: 130.0.6723.116 (6ac35f94ae3..., userDataDir: C:\Users\dbegum01\AppData\L...}, fedcm:accounts: true, goog:chromeOptions: {debuggerAddress: localhost:56590}, networkConnectionEnabled: false, pageLoadStrategy: normal, platformName: windows, proxy: Proxy(), se:cdp: ws://localhost:56590/devtoo..., se:cdpVersion: 130.0.6723.117, setWindowRect: true, strictFileInteractability: false, timeouts: {implicit: 0, pageLoad: 300000, script: 30000}, unhandledPromptBehavior: dismiss and notify, webauthn:extension:credBlob: true, webauthn:extension:largeBlob: true, webauthn:extension:minPinLength: true, webauthn:extension:prf: true, webauthn:virtualAuthenticators: true}
Element: [[ChromeDriver: chrome on windows (7bb1ac83b56cec2a8511adbf8c7ad0c6)] -&amp;gt; xpath: //button[@class=&amp;apos;addFilterButtonPanel ng-star-inserted&amp;apos;]]
Session ID: 7bb1ac83b56cec2a8511adbf8c7ad0c6">
      <![CDATA[org.openqa.selenium.ElementClickInterceptedException: element click intercepted: Element <button _ngcontent-ng-c2879768420="" translate="" class="addFilterButtonPanel ng-star-inserted" aria-describedby="cdk-describedby-message-ng-1-111" cdk-describedby-host="ng-1">...</button> is not clickable at point (686, 108). Other element would receive the click: <div _ngcontent-ng-c2684279279="" tabindex="-1" data-id="dialogOverlay_reportExportCsvDialog" class="glint-overlay visible">...</div>
  (Session info: chrome=130.0.6723.117)
Build info: version: '4.15.0', revision: '1d14b5521b'
System info: os.name: 'Windows 10', os.arch: 'amd64', os.version: '10.0', java.version: '17.0.4.1'
Driver info: org.openqa.selenium.chrome.ChromeDriver
Command: [7bb1ac83b56cec2a8511adbf8c7ad0c6, clickElement {id=f.60544D1E4A13FB2644EFB29735FF3B7B.d.D6B8AF94247DC25C0F851EDD63079A80.e.616}]
Capabilities {acceptInsecureCerts: false, browserName: chrome, browserVersion: 130.0.6723.117, chrome: {chromedriverVersion: 130.0.6723.116 (6ac35f94ae3..., userDataDir: C:\Users\dbegum01\AppData\L...}, fedcm:accounts: true, goog:chromeOptions: {debuggerAddress: localhost:56590}, networkConnectionEnabled: false, pageLoadStrategy: normal, platformName: windows, proxy: Proxy(), se:cdp: ws://localhost:56590/devtoo..., se:cdpVersion: 130.0.6723.117, setWindowRect: true, strictFileInteractability: false, timeouts: {implicit: 0, pageLoad: 300000, script: 30000}, unhandledPromptBehavior: dismiss and notify, webauthn:extension:credBlob: true, webauthn:extension:largeBlob: true, webauthn:extension:minPinLength: true, webauthn:extension:prf: true, webauthn:virtualAuthenticators: true}
Element: [[ChromeDriver: chrome on windows (7bb1ac83b56cec2a8511adbf8c7ad0c6)] -> xpath: //button[@class='addFilterButtonPanel ng-star-inserted']]
Session ID: 7bb1ac83b56cec2a8511adbf8c7ad0c6
at org.openqa.selenium.remote.codec.w3c.W3CHttpResponseCodec.createException(W3CHttpResponseCodec.java:200)
at org.openqa.selenium.remote.codec.w3c.W3CHttpResponseCodec.decode(W3CHttpResponseCodec.java:133)
at org.openqa.selenium.remote.codec.w3c.W3CHttpResponseCodec.decode(W3CHttpResponseCodec.java:52)
at org.openqa.selenium.remote.HttpCommandExecutor.execute(HttpCommandExecutor.java:191)
at org.openqa.selenium.remote.service.DriverCommandExecutor.invokeExecute(DriverCommandExecutor.java:200)
at org.openqa.selenium.remote.service.DriverCommandExecutor.execute(DriverCommandExecutor.java:175)
at org.openqa.selenium.remote.RemoteWebDriver.execute(RemoteWebDriver.java:607)
at org.openqa.selenium.remote.RemoteWebElement.execute(RemoteWebElement.java:224)
at org.openqa.selenium.remote.RemoteWebElement.click(RemoteWebElement.java:77)
at glint.Executivesummaryreport.changesurvey(Executivesummaryreport.java:32)
at glint.Executivesummaryreport.defaultSection(Executivesummaryreport.java:212)
at vivaglint.ESR.Tc_11(ESR.java:86)
at java.base/java.util.ArrayList.forEach(ArrayList.java:1511)
... Removed 32 stack frames]]>
    </failure>
  </testcase> <!-- Tc_11 -->
  <testcase classname="vivaglint.ESR" name="Tc_12" time="1.129">
    <failure type="org.openqa.selenium.ElementClickInterceptedException" message="element click intercepted: Element &amp;lt;button _ngcontent-ng-c2879768420=&amp;quot;&amp;quot; translate=&amp;quot;&amp;quot; class=&amp;quot;addFilterButtonPanel ng-star-inserted&amp;quot; aria-describedby=&amp;quot;cdk-describedby-message-ng-1-111&amp;quot; cdk-describedby-host=&amp;quot;ng-1&amp;quot;&amp;gt;...&amp;lt;/button&amp;gt; is not clickable at point (686, 108). Other element would receive the click: &amp;lt;div _ngcontent-ng-c2684279279=&amp;quot;&amp;quot; tabindex=&amp;quot;-1&amp;quot; data-id=&amp;quot;dialogOverlay_reportExportCsvDialog&amp;quot; class=&amp;quot;glint-overlay visible&amp;quot;&amp;gt;...&amp;lt;/div&amp;gt;
  (Session info: chrome=130.0.6723.117)
Build info: version: &amp;apos;4.15.0&amp;apos;, revision: &amp;apos;1d14b5521b&amp;apos;
System info: os.name: &amp;apos;Windows 10&amp;apos;, os.arch: &amp;apos;amd64&amp;apos;, os.version: &amp;apos;10.0&amp;apos;, java.version: &amp;apos;17.0.4.1&amp;apos;
Driver info: org.openqa.selenium.chrome.ChromeDriver
Command: [7bb1ac83b56cec2a8511adbf8c7ad0c6, clickElement {id=f.60544D1E4A13FB2644EFB29735FF3B7B.d.D6B8AF94247DC25C0F851EDD63079A80.e.616}]
Capabilities {acceptInsecureCerts: false, browserName: chrome, browserVersion: 130.0.6723.117, chrome: {chromedriverVersion: 130.0.6723.116 (6ac35f94ae3..., userDataDir: C:\Users\dbegum01\AppData\L...}, fedcm:accounts: true, goog:chromeOptions: {debuggerAddress: localhost:56590}, networkConnectionEnabled: false, pageLoadStrategy: normal, platformName: windows, proxy: Proxy(), se:cdp: ws://localhost:56590/devtoo..., se:cdpVersion: 130.0.6723.117, setWindowRect: true, strictFileInteractability: false, timeouts: {implicit: 0, pageLoad: 300000, script: 30000}, unhandledPromptBehavior: dismiss and notify, webauthn:extension:credBlob: true, webauthn:extension:largeBlob: true, webauthn:extension:minPinLength: true, webauthn:extension:prf: true, webauthn:virtualAuthenticators: true}
Element: [[ChromeDriver: chrome on windows (7bb1ac83b56cec2a8511adbf8c7ad0c6)] -&amp;gt; xpath: //button[@class=&amp;apos;addFilterButtonPanel ng-star-inserted&amp;apos;]]
Session ID: 7bb1ac83b56cec2a8511adbf8c7ad0c6">
      <![CDATA[org.openqa.selenium.ElementClickInterceptedException: element click intercepted: Element <button _ngcontent-ng-c2879768420="" translate="" class="addFilterButtonPanel ng-star-inserted" aria-describedby="cdk-describedby-message-ng-1-111" cdk-describedby-host="ng-1">...</button> is not clickable at point (686, 108). Other element would receive the click: <div _ngcontent-ng-c2684279279="" tabindex="-1" data-id="dialogOverlay_reportExportCsvDialog" class="glint-overlay visible">...</div>
  (Session info: chrome=130.0.6723.117)
Build info: version: '4.15.0', revision: '1d14b5521b'
System info: os.name: 'Windows 10', os.arch: 'amd64', os.version: '10.0', java.version: '17.0.4.1'
Driver info: org.openqa.selenium.chrome.ChromeDriver
Command: [7bb1ac83b56cec2a8511adbf8c7ad0c6, clickElement {id=f.60544D1E4A13FB2644EFB29735FF3B7B.d.D6B8AF94247DC25C0F851EDD63079A80.e.616}]
Capabilities {acceptInsecureCerts: false, browserName: chrome, browserVersion: 130.0.6723.117, chrome: {chromedriverVersion: 130.0.6723.116 (6ac35f94ae3..., userDataDir: C:\Users\dbegum01\AppData\L...}, fedcm:accounts: true, goog:chromeOptions: {debuggerAddress: localhost:56590}, networkConnectionEnabled: false, pageLoadStrategy: normal, platformName: windows, proxy: Proxy(), se:cdp: ws://localhost:56590/devtoo..., se:cdpVersion: 130.0.6723.117, setWindowRect: true, strictFileInteractability: false, timeouts: {implicit: 0, pageLoad: 300000, script: 30000}, unhandledPromptBehavior: dismiss and notify, webauthn:extension:credBlob: true, webauthn:extension:largeBlob: true, webauthn:extension:minPinLength: true, webauthn:extension:prf: true, webauthn:virtualAuthenticators: true}
Element: [[ChromeDriver: chrome on windows (7bb1ac83b56cec2a8511adbf8c7ad0c6)] -> xpath: //button[@class='addFilterButtonPanel ng-star-inserted']]
Session ID: 7bb1ac83b56cec2a8511adbf8c7ad0c6
at org.openqa.selenium.remote.codec.w3c.W3CHttpResponseCodec.createException(W3CHttpResponseCodec.java:200)
at org.openqa.selenium.remote.codec.w3c.W3CHttpResponseCodec.decode(W3CHttpResponseCodec.java:133)
at org.openqa.selenium.remote.codec.w3c.W3CHttpResponseCodec.decode(W3CHttpResponseCodec.java:52)
at org.openqa.selenium.remote.HttpCommandExecutor.execute(HttpCommandExecutor.java:191)
at org.openqa.selenium.remote.service.DriverCommandExecutor.invokeExecute(DriverCommandExecutor.java:200)
at org.openqa.selenium.remote.service.DriverCommandExecutor.execute(DriverCommandExecutor.java:175)
at org.openqa.selenium.remote.RemoteWebDriver.execute(RemoteWebDriver.java:607)
at org.openqa.selenium.remote.RemoteWebElement.execute(RemoteWebElement.java:224)
at org.openqa.selenium.remote.RemoteWebElement.click(RemoteWebElement.java:77)
at glint.Executivesummaryreport.changesurvey(Executivesummaryreport.java:32)
at glint.Executivesummaryreport.surveyoverview(Executivesummaryreport.java:224)
at vivaglint.ESR.Tc_12(ESR.java:93)
at java.base/java.util.ArrayList.forEach(ArrayList.java:1511)
... Removed 32 stack frames]]>
    </failure>
  </testcase> <!-- Tc_12 -->
  <testcase classname="vivaglint.ESR" name="Tc_13" time="1.102">
    <failure type="org.openqa.selenium.ElementClickInterceptedException" message="element click intercepted: Element &amp;lt;button _ngcontent-ng-c2879768420=&amp;quot;&amp;quot; translate=&amp;quot;&amp;quot; class=&amp;quot;addFilterButtonPanel ng-star-inserted&amp;quot; aria-describedby=&amp;quot;cdk-describedby-message-ng-1-111&amp;quot; cdk-describedby-host=&amp;quot;ng-1&amp;quot;&amp;gt;...&amp;lt;/button&amp;gt; is not clickable at point (686, 108). Other element would receive the click: &amp;lt;div _ngcontent-ng-c2684279279=&amp;quot;&amp;quot; tabindex=&amp;quot;-1&amp;quot; data-id=&amp;quot;dialogOverlay_reportExportCsvDialog&amp;quot; class=&amp;quot;glint-overlay visible&amp;quot;&amp;gt;...&amp;lt;/div&amp;gt;
  (Session info: chrome=130.0.6723.117)
Build info: version: &amp;apos;4.15.0&amp;apos;, revision: &amp;apos;1d14b5521b&amp;apos;
System info: os.name: &amp;apos;Windows 10&amp;apos;, os.arch: &amp;apos;amd64&amp;apos;, os.version: &amp;apos;10.0&amp;apos;, java.version: &amp;apos;17.0.4.1&amp;apos;
Driver info: org.openqa.selenium.chrome.ChromeDriver
Command: [7bb1ac83b56cec2a8511adbf8c7ad0c6, clickElement {id=f.60544D1E4A13FB2644EFB29735FF3B7B.d.D6B8AF94247DC25C0F851EDD63079A80.e.616}]
Capabilities {acceptInsecureCerts: false, browserName: chrome, browserVersion: 130.0.6723.117, chrome: {chromedriverVersion: 130.0.6723.116 (6ac35f94ae3..., userDataDir: C:\Users\dbegum01\AppData\L...}, fedcm:accounts: true, goog:chromeOptions: {debuggerAddress: localhost:56590}, networkConnectionEnabled: false, pageLoadStrategy: normal, platformName: windows, proxy: Proxy(), se:cdp: ws://localhost:56590/devtoo..., se:cdpVersion: 130.0.6723.117, setWindowRect: true, strictFileInteractability: false, timeouts: {implicit: 0, pageLoad: 300000, script: 30000}, unhandledPromptBehavior: dismiss and notify, webauthn:extension:credBlob: true, webauthn:extension:largeBlob: true, webauthn:extension:minPinLength: true, webauthn:extension:prf: true, webauthn:virtualAuthenticators: true}
Element: [[ChromeDriver: chrome on windows (7bb1ac83b56cec2a8511adbf8c7ad0c6)] -&amp;gt; xpath: //button[@class=&amp;apos;addFilterButtonPanel ng-star-inserted&amp;apos;]]
Session ID: 7bb1ac83b56cec2a8511adbf8c7ad0c6">
      <![CDATA[org.openqa.selenium.ElementClickInterceptedException: element click intercepted: Element <button _ngcontent-ng-c2879768420="" translate="" class="addFilterButtonPanel ng-star-inserted" aria-describedby="cdk-describedby-message-ng-1-111" cdk-describedby-host="ng-1">...</button> is not clickable at point (686, 108). Other element would receive the click: <div _ngcontent-ng-c2684279279="" tabindex="-1" data-id="dialogOverlay_reportExportCsvDialog" class="glint-overlay visible">...</div>
  (Session info: chrome=130.0.6723.117)
Build info: version: '4.15.0', revision: '1d14b5521b'
System info: os.name: 'Windows 10', os.arch: 'amd64', os.version: '10.0', java.version: '17.0.4.1'
Driver info: org.openqa.selenium.chrome.ChromeDriver
Command: [7bb1ac83b56cec2a8511adbf8c7ad0c6, clickElement {id=f.60544D1E4A13FB2644EFB29735FF3B7B.d.D6B8AF94247DC25C0F851EDD63079A80.e.616}]
Capabilities {acceptInsecureCerts: false, browserName: chrome, browserVersion: 130.0.6723.117, chrome: {chromedriverVersion: 130.0.6723.116 (6ac35f94ae3..., userDataDir: C:\Users\dbegum01\AppData\L...}, fedcm:accounts: true, goog:chromeOptions: {debuggerAddress: localhost:56590}, networkConnectionEnabled: false, pageLoadStrategy: normal, platformName: windows, proxy: Proxy(), se:cdp: ws://localhost:56590/devtoo..., se:cdpVersion: 130.0.6723.117, setWindowRect: true, strictFileInteractability: false, timeouts: {implicit: 0, pageLoad: 300000, script: 30000}, unhandledPromptBehavior: dismiss and notify, webauthn:extension:credBlob: true, webauthn:extension:largeBlob: true, webauthn:extension:minPinLength: true, webauthn:extension:prf: true, webauthn:virtualAuthenticators: true}
Element: [[ChromeDriver: chrome on windows (7bb1ac83b56cec2a8511adbf8c7ad0c6)] -> xpath: //button[@class='addFilterButtonPanel ng-star-inserted']]
Session ID: 7bb1ac83b56cec2a8511adbf8c7ad0c6
at org.openqa.selenium.remote.codec.w3c.W3CHttpResponseCodec.createException(W3CHttpResponseCodec.java:200)
at org.openqa.selenium.remote.codec.w3c.W3CHttpResponseCodec.decode(W3CHttpResponseCodec.java:133)
at org.openqa.selenium.remote.codec.w3c.W3CHttpResponseCodec.decode(W3CHttpResponseCodec.java:52)
at org.openqa.selenium.remote.HttpCommandExecutor.execute(HttpCommandExecutor.java:191)
at org.openqa.selenium.remote.service.DriverCommandExecutor.invokeExecute(DriverCommandExecutor.java:200)
at org.openqa.selenium.remote.service.DriverCommandExecutor.execute(DriverCommandExecutor.java:175)
at org.openqa.selenium.remote.RemoteWebDriver.execute(RemoteWebDriver.java:607)
at org.openqa.selenium.remote.RemoteWebElement.execute(RemoteWebElement.java:224)
at org.openqa.selenium.remote.RemoteWebElement.click(RemoteWebElement.java:77)
at glint.Executivesummaryreport.changesurvey(Executivesummaryreport.java:32)
at glint.Executivesummaryreport.Historyhoverover(Executivesummaryreport.java:236)
at vivaglint.ESR.Tc_13(ESR.java:99)
at java.base/java.util.ArrayList.forEach(ArrayList.java:1511)
... Removed 32 stack frames]]>
    </failure>
  </testcase> <!-- Tc_13 -->
</testsuite> <!-- Test -->
