<?xml version="1.0" encoding="UTF-8"?>
<!-- Generated by org.testng.reporters.JUnitXMLReporter -->
<testsuite ignored="0" hostname="IN-C335VQ3" failures="1" tests="25" name="Test" time="191.389" errors="0" timestamp="2024-11-21T17:11:43 IST">
  <testcase classname="vivaglint.ESR" name="Tc_01" time="0.993"/>
  <testcase classname="vivaglint.ESR" name="Tc_23" time="4.016"/>
  <testcase classname="vivaglint.ESR" name="Tc_17" time="0.152"/>
  <testcase classname="vivaglint.ESR" name="Tc_18" time="0.169"/>
  <testcase classname="vivaglint.ESR" name="Tc_19" time="0.146"/>
  <testcase classname="vivaglint.ESR" name="Tc_14" time="20.186"/>
  <testcase classname="vivaglint.ESR" name="Tc_20" time="0.195"/>
  <testcase classname="vivaglint.ESR" name="Tc_16" time="0.203"/>
  <testcase classname="vivaglint.ESR" name="Tc_02" time="27.18"/>
  <testcase classname="vivaglint.ESR" name="Tc_10" time="0.765"/>
  <testcase classname="vivaglint.ESR" name="Tc_06" time="3.93"/>
  <testcase classname="vivaglint.ESR" name="Tc_07" time="1.836"/>
  <testcase classname="vivaglint.ESR" name="Tc_08" time="2.528"/>
  <testcase classname="vivaglint.ESR" name="Tc_09" time="3.465"/>
  <testcase classname="vivaglint.ESR" name="Tc_11" time="20.217"/>
  <testcase classname="vivaglint.ESR" name="Tc_12" time="0.152"/>
  <testcase classname="vivaglint.ESR" name="Tc_13" time="0.138"/>
  <testcase classname="vivaglint.ESR" name="Tc_15" time="0.162"/>
  <testcase classname="vivaglint.ESR" name="Tc_03" time="27.035"/>
  <testcase classname="vivaglint.ESR" name="Tc_04" time="29.804"/>
  <testcase classname="vivaglint.ESR" name="Tc_22" time="6.571"/>
  <testcase classname="vivaglint.ESR" name="Tc_21" time="6.015">
    <failure type="java.lang.AssertionError" message="expected [Executive Summary Report Automation Copy] but found []">
      <![CDATA[java.lang.AssertionError: expected [Executive Summary Report Automation Copy] but found []
at glint.Executivesummaryreport.SaveReport(Executivesummaryreport.java:381)
at vivaglint.ESR.Tc_21(ESR.java:215)
at java.base/java.util.ArrayList.forEach(ArrayList.java:1511)
... Removed 33 stack frames]]>
    </failure>
  </testcase> <!-- Tc_21 -->
  <testcase classname="vivaglint.ESR" name="Tc_24" time="0.225"/>
  <testcase classname="vivaglint.ESR" name="Tc_05" time="0.595"/>
  <testcase classname="vivaglint.ESR" name="Tc_25" time="7.916"/>
</testsuite> <!-- Test -->
